<?xml version="1.0" encoding="UTF-8"?>
<!-- Generated by org.testng.reporters.JUnitReportReporter -->
<testsuite skipped="0" hostname="DESKTOP-C0A8MKT" name="test.LoginPageTest" tests="1" failures="0" timestamp="03 Jun 2021 07:46:01 GMT" time="6.379" errors="0">
  <testcase name="validUserLogin" time="6.379" classname="test.LoginPageTest"/>
</testsuite> <!-- test.LoginPageTest -->
