<?xml version="1.0" encoding="UTF-8"?>
<!-- Generated by org.testng.reporters.JUnitReportReporter -->
<testsuite skipped="0" hostname="DESKTOP-C0A8MKT" name="test.ListCustomerPageTest" tests="1" failures="0" timestamp="06 Jun 2021 13:02:25 GMT" time="19.536" errors="0">
  <testcase name="validUserLoginTest" time="19.536" classname="test.ListCustomerPageTest"/>
</testsuite> <!-- test.ListCustomerPageTest -->
